Using pre-set license
Built from '2020.3/staging' branch; Version is '2020.3.3f1 (76626098c1c4) revision 7758432'; Using compiler version '192528614'; Build Type 'Release'
OS: 'Windows 10 Pro; OS build 19042.1288; Version 2009; 64bit' Language: 'en' Physical Memory: 12172 MB
BatchMode: 1, IsHumanControllingUs: 0, StartBugReporterOnCrash: 0, Is64bit: 1, IsPro: 0

 COMMAND LINE ARGUMENTS:
C:\Program Files\Unity\Hub\Editor\2020.3.3f1\Editor\Unity.exe
-adb2
-batchMode
-noUpm
-name
AssetImportWorker0
-projectPath
C:/Users/Rextus/Desktop/project/Internsipp/unity/2D-Endless-Runner
-logFile
Logs/AssetImportWorker0.log
-srvPort
58627
Successfully changed project path to: C:/Users/Rextus/Desktop/project/Internsipp/unity/2D-Endless-Runner
C:/Users/Rextus/Desktop/project/Internsipp/unity/2D-Endless-Runner
Using Asset Import Pipeline V2.
Refreshing native plugins compatible for Editor in 43.03 ms, found 1 plugins.
Preloading 0 native plugins for Editor in 0.00 ms.
Initialize engine version: 2020.3.3f1 (76626098c1c4)
[Subsystems] Discovering subsystems at path C:/Program Files/Unity/Hub/Editor/2020.3.3f1/Editor/Data/Resources/UnitySubsystems
[Subsystems] Discovering subsystems at path C:/Users/Rextus/Desktop/project/Internsipp/unity/2D-Endless-Runner/Assets
GfxDevice: creating device client; threaded=0
Direct3D:
    Version:  Direct3D 11.0 [level 11.1]
    Renderer: NVIDIA GeForce MX150 (ID=0x1d10)
    Vendor:   
    VRAM:     1983 MB
    Driver:   27.21.14.5655
Initialize mono
Mono path[0] = 'C:/Program Files/Unity/Hub/Editor/2020.3.3f1/Editor/Data/Managed'
Mono path[1] = 'C:/Program Files/Unity/Hub/Editor/2020.3.3f1/Editor/Data/MonoBleedingEdge/lib/mono/unityjit'
Mono config path = 'C:/Program Files/Unity/Hub/Editor/2020.3.3f1/Editor/Data/MonoBleedingEdge/etc'
Using monoOptions --debugger-agent=transport=dt_socket,embedding=1,server=y,suspend=n,address=127.0.0.1:56364
Begin MonoManager ReloadAssembly
Registering precompiled unity dll's ...
Register platform support module: C:/Program Files/Unity/Hub/Editor/2020.3.3f1/Editor/Data/PlaybackEngines/WebGLSupport/UnityEditor.WebGL.Extensions.dll
Register platform support module: C:/Program Files/Unity/Hub/Editor/2020.3.3f1/Editor/Data/PlaybackEngines/WindowsStandaloneSupport/UnityEditor.WindowsStandalone.Extensions.dll
Registered in 0.012625 seconds.
Native extension for WindowsStandalone target not found
Native extension for WebGL target not found
Refreshing native plugins compatible for Editor in 47.04 ms, found 1 plugins.
Preloading 0 native plugins for Editor in 0.00 ms.
Invoked RoslynAnalysisRunner static constructor.
RoslynAnalysisRunner will not be running.
RoslynAnalysisRunner has terminated.
Mono: successfully reloaded assembly
- Completed reload, in  4.279 seconds
Platform modules already initialized, skipping
Registering precompiled user dll's ...
Registered in 0.006021 seconds.
Begin MonoManager ReloadAssembly
Native extension for WindowsStandalone target not found
Native extension for WebGL target not found
Refreshing native plugins compatible for Editor in 41.27 ms, found 1 plugins.
Preloading 0 native plugins for Editor in 0.00 ms.
Invoked RoslynAnalysisRunner static constructor.
RoslynAnalysisRunner will not be running.
RoslynAnalysisRunner has terminated.
Mono: successfully reloaded assembly
- Completed reload, in  1.180 seconds
Platform modules already initialized, skipping
========================================================================
Worker process is ready to serve import requests
Launched and connected shader compiler UnityShaderCompiler.exe after 0.08 seconds
Refreshing native plugins compatible for Editor in 0.40 ms, found 1 plugins.
Preloading 0 native plugins for Editor in 0.00 ms.
Unloading 1817 Unused Serialized files (Serialized files now loaded: 0)
System memory in use before: 85.2 MB.
System memory in use after: 85.1 MB.

Unloading 24 unused Assets to reduce memory usage. Loaded Objects now: 2261.
Total: 3.627400 ms (FindLiveObjects: 0.237400 ms CreateObjectMapping: 0.109800 ms MarkObjects: 3.134300 ms  DeleteObjects: 0.144500 ms)

========================================================================
Received Import Request.
  path: Assets/Scripts/CharacterMoveController.cs
  artifactKey: Guid(ed33ffd6a569df246bfb636e52b5ffa5) Importer(815301076,1909f56bfc062723c751e8b465ee728b)
Start importing Assets/Scripts/CharacterMoveController.cs using Guid(ed33ffd6a569df246bfb636e52b5ffa5) Importer(815301076,1909f56bfc062723c751e8b465ee728b)  -> (artifact id: 'b1d39cb5edcccc1c7fe25cdf0e861f07') in 0.046954 seconds
  Import took 0.053206 seconds .

========================================================================
Received Import Request.
  Time since last request: 21.282842 seconds.
  path: Assets/Scripts/CharacterMoveController.cs
  artifactKey: Guid(ed33ffd6a569df246bfb636e52b5ffa5) Importer(815301076,1909f56bfc062723c751e8b465ee728b)
Start importing Assets/Scripts/CharacterMoveController.cs using Guid(ed33ffd6a569df246bfb636e52b5ffa5) Importer(815301076,1909f56bfc062723c751e8b465ee728b)  -> (artifact id: '47585560bef0229dd6471a02af619404') in 0.004549 seconds
  Import took 0.015973 seconds .

========================================================================
Received Import Request.
  Time since last request: 14.115670 seconds.
  path: Assets/Scripts/CharacterMoveController.cs
  artifactKey: Guid(ed33ffd6a569df246bfb636e52b5ffa5) Importer(815301076,1909f56bfc062723c751e8b465ee728b)
Start importing Assets/Scripts/CharacterMoveController.cs using Guid(ed33ffd6a569df246bfb636e52b5ffa5) Importer(815301076,1909f56bfc062723c751e8b465ee728b)  -> (artifact id: '85af3dce244dc173f97f66881a26f4e6') in 0.007103 seconds
  Import took 0.016330 seconds .

========================================================================
Received Import Request.
  Time since last request: 99.037717 seconds.
  path: Assets/Scripts/CharacterSoundController.cs
  artifactKey: Guid(04004c627441e3f4fbe199580a5b5f3b) Importer(815301076,1909f56bfc062723c751e8b465ee728b)
Start importing Assets/Scripts/CharacterSoundController.cs using Guid(04004c627441e3f4fbe199580a5b5f3b) Importer(815301076,1909f56bfc062723c751e8b465ee728b)  -> (artifact id: 'e00c16623a08b616107cea60a574b83b') in 0.014145 seconds
  Import took 0.027836 seconds .

========================================================================
Received Import Request.
  Time since last request: 41.476798 seconds.
  path: Assets/Scripts/ScoreController.cs
  artifactKey: Guid(f592bf387b1e2704db31e77a5ecfbb15) Importer(815301076,1909f56bfc062723c751e8b465ee728b)
Start importing Assets/Scripts/ScoreController.cs using Guid(f592bf387b1e2704db31e77a5ecfbb15) Importer(815301076,1909f56bfc062723c751e8b465ee728b)  -> (artifact id: 'ee53185399ee3abcef84861c0300daa2') in 0.010916 seconds
  Import took 0.017795 seconds .

========================================================================
Received Import Request.
  Time since last request: 33.979277 seconds.
  path: Assets/Scripts/ScoreController.cs
  artifactKey: Guid(f592bf387b1e2704db31e77a5ecfbb15) Importer(815301076,1909f56bfc062723c751e8b465ee728b)
Start importing Assets/Scripts/ScoreController.cs using Guid(f592bf387b1e2704db31e77a5ecfbb15) Importer(815301076,1909f56bfc062723c751e8b465ee728b)  -> (artifact id: '35eea9d26727f121208a60071d75dee4') in 0.005035 seconds
  Import took 0.012362 seconds .

========================================================================
Received Import Request.
  Time since last request: 27.714382 seconds.
  path: Assets/Scripts/ScoreController.cs
  artifactKey: Guid(f592bf387b1e2704db31e77a5ecfbb15) Importer(815301076,1909f56bfc062723c751e8b465ee728b)
Start importing Assets/Scripts/ScoreController.cs using Guid(f592bf387b1e2704db31e77a5ecfbb15) Importer(815301076,1909f56bfc062723c751e8b465ee728b)  -> (artifact id: '66a6cc6ca8256d5af293b7b254a31c31') in 0.004503 seconds
  Import took 0.014748 seconds .

========================================================================
Received Prepare
Registering precompiled user dll's ...
Registered in 0.001566 seconds.
Begin MonoManager ReloadAssembly
Native extension for WindowsStandalone target not found
Native extension for WebGL target not found
Refreshing native plugins compatible for Editor in 0.37 ms, found 1 plugins.
Preloading 0 native plugins for Editor in 0.00 ms.
Invoked RoslynAnalysisRunner static constructor.
RoslynAnalysisRunner will not be running.
RoslynAnalysisRunner has terminated.
Mono: successfully reloaded assembly
- Completed reload, in  0.974 seconds
Platform modules already initialized, skipping
Refreshing native plugins compatible for Editor in 0.37 ms, found 1 plugins.
Preloading 0 native plugins for Editor in 0.00 ms.
Unloading 1812 Unused Serialized files (Serialized files now loaded: 0)
System memory in use before: 85.1 MB.
System memory in use after: 85.1 MB.

Unloading 12 unused Assets to reduce memory usage. Loaded Objects now: 2265.
Total: 3.418200 ms (FindLiveObjects: 0.242400 ms CreateObjectMapping: 0.109900 ms MarkObjects: 2.936700 ms  DeleteObjects: 0.127400 ms)

========================================================================
Received Prepare
Registering precompiled user dll's ...
Registered in 0.001095 seconds.
Begin MonoManager ReloadAssembly
Native extension for WindowsStandalone target not found
Native extension for WebGL target not found
Refreshing native plugins compatible for Editor in 0.39 ms, found 1 plugins.
Preloading 0 native plugins for Editor in 0.00 ms.
Invoked RoslynAnalysisRunner static constructor.
RoslynAnalysisRunner will not be running.
RoslynAnalysisRunner has terminated.
Mono: successfully reloaded assembly
- Completed reload, in  1.005 seconds
Platform modules already initialized, skipping
Refreshing native plugins compatible for Editor in 0.36 ms, found 1 plugins.
Preloading 0 native plugins for Editor in 0.00 ms.
Unloading 1812 Unused Serialized files (Serialized files now loaded: 0)
System memory in use before: 85.2 MB.
System memory in use after: 85.2 MB.

Unloading 12 unused Assets to reduce memory usage. Loaded Objects now: 2269.
Total: 3.267300 ms (FindLiveObjects: 0.209900 ms CreateObjectMapping: 0.076600 ms MarkObjects: 2.815400 ms  DeleteObjects: 0.163600 ms)

========================================================================
Received Prepare
Registering precompiled user dll's ...
Registered in 0.001123 seconds.
Begin MonoManager ReloadAssembly
Native extension for WindowsStandalone target not found
Native extension for WebGL target not found
Refreshing native plugins compatible for Editor in 0.41 ms, found 1 plugins.
Preloading 0 native plugins for Editor in 0.00 ms.
Invoked RoslynAnalysisRunner static constructor.
RoslynAnalysisRunner will not be running.
RoslynAnalysisRunner has terminated.
Mono: successfully reloaded assembly
- Completed reload, in  1.266 seconds
Platform modules already initialized, skipping
Refreshing native plugins compatible for Editor in 1.66 ms, found 1 plugins.
Preloading 0 native plugins for Editor in 0.00 ms.
Unloading 1812 Unused Serialized files (Serialized files now loaded: 0)
System memory in use before: 85.2 MB.
System memory in use after: 85.2 MB.

Unloading 12 unused Assets to reduce memory usage. Loaded Objects now: 2273.
Total: 2.944300 ms (FindLiveObjects: 0.474400 ms CreateObjectMapping: 0.235600 ms MarkObjects: 2.112100 ms  DeleteObjects: 0.119800 ms)

========================================================================
Received Prepare
Registering precompiled user dll's ...
Registered in 0.001125 seconds.
Begin MonoManager ReloadAssembly
Native extension for WindowsStandalone target not found
Native extension for WebGL target not found
Refreshing native plugins compatible for Editor in 0.41 ms, found 1 plugins.
Preloading 0 native plugins for Editor in 0.00 ms.
Invoked RoslynAnalysisRunner static constructor.
RoslynAnalysisRunner will not be running.
RoslynAnalysisRunner has terminated.
Mono: successfully reloaded assembly
- Completed reload, in  1.216 seconds
Platform modules already initialized, skipping
Refreshing native plugins compatible for Editor in 2.10 ms, found 1 plugins.
Preloading 0 native plugins for Editor in 0.00 ms.
Unloading 1812 Unused Serialized files (Serialized files now loaded: 0)
System memory in use before: 85.2 MB.
System memory in use after: 85.2 MB.

Unloading 12 unused Assets to reduce memory usage. Loaded Objects now: 2277.
Total: 17.575600 ms (FindLiveObjects: 8.769200 ms CreateObjectMapping: 1.177300 ms MarkObjects: 7.274700 ms  DeleteObjects: 0.352000 ms)

========================================================================
Received Prepare
Registering precompiled user dll's ...
Registered in 0.001172 seconds.
Begin MonoManager ReloadAssembly
Native extension for WindowsStandalone target not found
Native extension for WebGL target not found
Refreshing native plugins compatible for Editor in 0.39 ms, found 1 plugins.
Preloading 0 native plugins for Editor in 0.00 ms.
Invoked RoslynAnalysisRunner static constructor.
RoslynAnalysisRunner will not be running.
RoslynAnalysisRunner has terminated.
Mono: successfully reloaded assembly
- Completed reload, in  1.022 seconds
Platform modules already initialized, skipping
Refreshing native plugins compatible for Editor in 0.38 ms, found 1 plugins.
Preloading 0 native plugins for Editor in 0.00 ms.
Unloading 1812 Unused Serialized files (Serialized files now loaded: 0)
System memory in use before: 85.3 MB.
System memory in use after: 85.2 MB.

Unloading 12 unused Assets to reduce memory usage. Loaded Objects now: 2281.
Total: 5.201200 ms (FindLiveObjects: 0.538300 ms CreateObjectMapping: 0.208700 ms MarkObjects: 4.227700 ms  DeleteObjects: 0.223800 ms)

========================================================================
Received Prepare
Registering precompiled user dll's ...
Registered in 0.001219 seconds.
Begin MonoManager ReloadAssembly
Native extension for WindowsStandalone target not found
Native extension for WebGL target not found
Refreshing native plugins compatible for Editor in 0.50 ms, found 1 plugins.
Preloading 0 native plugins for Editor in 0.00 ms.
Invoked RoslynAnalysisRunner static constructor.
RoslynAnalysisRunner will not be running.
RoslynAnalysisRunner has terminated.
Mono: successfully reloaded assembly
- Completed reload, in  1.265 seconds
Platform modules already initialized, skipping
Refreshing native plugins compatible for Editor in 0.40 ms, found 1 plugins.
Preloading 0 native plugins for Editor in 0.00 ms.
Unloading 1812 Unused Serialized files (Serialized files now loaded: 0)
System memory in use before: 85.3 MB.
System memory in use after: 85.2 MB.

Unloading 12 unused Assets to reduce memory usage. Loaded Objects now: 2285.
Total: 2.866900 ms (FindLiveObjects: 0.343200 ms CreateObjectMapping: 0.108900 ms MarkObjects: 2.262400 ms  DeleteObjects: 0.150700 ms)

========================================================================
Received Prepare
Registering precompiled user dll's ...
Registered in 0.001159 seconds.
Begin MonoManager ReloadAssembly
Native extension for WindowsStandalone target not found
Native extension for WebGL target not found
Refreshing native plugins compatible for Editor in 0.42 ms, found 1 plugins.
Preloading 0 native plugins for Editor in 0.00 ms.
Invoked RoslynAnalysisRunner static constructor.
RoslynAnalysisRunner will not be running.
RoslynAnalysisRunner has terminated.
Mono: successfully reloaded assembly
- Completed reload, in  0.997 seconds
Platform modules already initialized, skipping
Refreshing native plugins compatible for Editor in 0.37 ms, found 1 plugins.
Preloading 0 native plugins for Editor in 0.00 ms.
Unloading 1812 Unused Serialized files (Serialized files now loaded: 0)
System memory in use before: 85.3 MB.
System memory in use after: 85.3 MB.

Unloading 12 unused Assets to reduce memory usage. Loaded Objects now: 2289.
Total: 3.239100 ms (FindLiveObjects: 0.261300 ms CreateObjectMapping: 0.098600 ms MarkObjects: 2.706100 ms  DeleteObjects: 0.170900 ms)

========================================================================
Received Prepare
Registering precompiled user dll's ...
Registered in 0.001222 seconds.
Begin MonoManager ReloadAssembly
Native extension for WindowsStandalone target not found
Native extension for WebGL target not found
Refreshing native plugins compatible for Editor in 0.38 ms, found 1 plugins.
Preloading 0 native plugins for Editor in 0.00 ms.
Invoked RoslynAnalysisRunner static constructor.
RoslynAnalysisRunner will not be running.
RoslynAnalysisRunner has terminated.
Mono: successfully reloaded assembly
- Completed reload, in  1.067 seconds
Platform modules already initialized, skipping
Refreshing native plugins compatible for Editor in 0.43 ms, found 1 plugins.
Preloading 0 native plugins for Editor in 0.00 ms.
Unloading 1812 Unused Serialized files (Serialized files now loaded: 0)
System memory in use before: 85.3 MB.
System memory in use after: 85.3 MB.

Unloading 12 unused Assets to reduce memory usage. Loaded Objects now: 2293.
Total: 2.741200 ms (FindLiveObjects: 0.318900 ms CreateObjectMapping: 0.114200 ms MarkObjects: 2.179100 ms  DeleteObjects: 0.127700 ms)

========================================================================
Received Import Request.
  Time since last request: 695.631697 seconds.
  path: Assets/Scripts/CharacterMoveController.cs
  artifactKey: Guid(ed33ffd6a569df246bfb636e52b5ffa5) Importer(815301076,1909f56bfc062723c751e8b465ee728b)
Start importing Assets/Scripts/CharacterMoveController.cs using Guid(ed33ffd6a569df246bfb636e52b5ffa5) Importer(815301076,1909f56bfc062723c751e8b465ee728b)  -> (artifact id: '1efd6dac366e5f732e683b3e3275d625') in 0.007045 seconds
  Import took 0.014041 seconds .

========================================================================
Received Prepare
Registering precompiled user dll's ...
Registered in 0.001148 seconds.
Begin MonoManager ReloadAssembly
Native extension for WindowsStandalone target not found
Native extension for WebGL target not found
Refreshing native plugins compatible for Editor in 0.38 ms, found 1 plugins.
Preloading 0 native plugins for Editor in 0.00 ms.
Invoked RoslynAnalysisRunner static constructor.
RoslynAnalysisRunner will not be running.
RoslynAnalysisRunner has terminated.
Mono: successfully reloaded assembly
- Completed reload, in  0.973 seconds
Platform modules already initialized, skipping
Refreshing native plugins compatible for Editor in 0.36 ms, found 1 plugins.
Preloading 0 native plugins for Editor in 0.00 ms.
Unloading 1812 Unused Serialized files (Serialized files now loaded: 0)
System memory in use before: 85.3 MB.
System memory in use after: 85.3 MB.

Unloading 12 unused Assets to reduce memory usage. Loaded Objects now: 2297.
Total: 2.563400 ms (FindLiveObjects: 0.323800 ms CreateObjectMapping: 0.107200 ms MarkObjects: 1.991500 ms  DeleteObjects: 0.139200 ms)

========================================================================
Received Prepare
Registering precompiled user dll's ...
Registered in 0.001145 seconds.
Begin MonoManager ReloadAssembly
Native extension for WindowsStandalone target not found
Native extension for WebGL target not found
Refreshing native plugins compatible for Editor in 0.40 ms, found 1 plugins.
Preloading 0 native plugins for Editor in 0.00 ms.
Invoked RoslynAnalysisRunner static constructor.
RoslynAnalysisRunner will not be running.
RoslynAnalysisRunner has terminated.
Mono: successfully reloaded assembly
- Completed reload, in  1.123 seconds
Platform modules already initialized, skipping
Refreshing native plugins compatible for Editor in 0.38 ms, found 1 plugins.
Preloading 0 native plugins for Editor in 0.00 ms.
Unloading 1812 Unused Serialized files (Serialized files now loaded: 0)
System memory in use before: 85.3 MB.
System memory in use after: 85.3 MB.

Unloading 12 unused Assets to reduce memory usage. Loaded Objects now: 2301.
Total: 4.909000 ms (FindLiveObjects: 0.573000 ms CreateObjectMapping: 0.384300 ms MarkObjects: 3.728500 ms  DeleteObjects: 0.220400 ms)

========================================================================
Received Prepare
Refreshing native plugins compatible for Editor in 2.00 ms, found 1 plugins.
Preloading 0 native plugins for Editor in 0.00 ms.
Unloading 10 Unused Serialized files (Serialized files now loaded: 0)
System memory in use before: 49.7 MB.
System memory in use after: 49.7 MB.

Unloading 10 unused Assets to reduce memory usage. Loaded Objects now: 2301.
Total: 2.523300 ms (FindLiveObjects: 0.278200 ms CreateObjectMapping: 0.161100 ms MarkObjects: 1.933500 ms  DeleteObjects: 0.148500 ms)

========================================================================
Received Prepare
Registering precompiled user dll's ...
Registered in 0.001227 seconds.
Begin MonoManager ReloadAssembly
Native extension for WindowsStandalone target not found
Native extension for WebGL target not found
Refreshing native plugins compatible for Editor in 0.38 ms, found 1 plugins.
Preloading 0 native plugins for Editor in 0.00 ms.
Invoked RoslynAnalysisRunner static constructor.
RoslynAnalysisRunner will not be running.
RoslynAnalysisRunner has terminated.
Mono: successfully reloaded assembly
- Completed reload, in  0.955 seconds
Platform modules already initialized, skipping
Refreshing native plugins compatible for Editor in 0.48 ms, found 1 plugins.
Preloading 0 native plugins for Editor in 0.00 ms.
Unloading 1812 Unused Serialized files (Serialized files now loaded: 0)
System memory in use before: 85.3 MB.
System memory in use after: 85.3 MB.

Unloading 12 unused Assets to reduce memory usage. Loaded Objects now: 2305.
Total: 2.550900 ms (FindLiveObjects: 0.352800 ms CreateObjectMapping: 0.136800 ms MarkObjects: 1.934100 ms  DeleteObjects: 0.124700 ms)

========================================================================
Received Prepare
Registering precompiled user dll's ...
Registered in 0.001136 seconds.
Begin MonoManager ReloadAssembly
Native extension for WindowsStandalone target not found
Native extension for WebGL target not found
Refreshing native plugins compatible for Editor in 0.38 ms, found 1 plugins.
Preloading 0 native plugins for Editor in 0.00 ms.
Invoked RoslynAnalysisRunner static constructor.
RoslynAnalysisRunner will not be running.
RoslynAnalysisRunner has terminated.
Mono: successfully reloaded assembly
- Completed reload, in  1.200 seconds
Platform modules already initialized, skipping
Refreshing native plugins compatible for Editor in 0.37 ms, found 1 plugins.
Preloading 0 native plugins for Editor in 0.00 ms.
Unloading 1812 Unused Serialized files (Serialized files now loaded: 0)
System memory in use before: 85.3 MB.
System memory in use after: 85.3 MB.

Unloading 12 unused Assets to reduce memory usage. Loaded Objects now: 2309.
Total: 8.203000 ms (FindLiveObjects: 0.886000 ms CreateObjectMapping: 0.397000 ms MarkObjects: 6.573500 ms  DeleteObjects: 0.340100 ms)

========================================================================
Received Import Request.
  Time since last request: 565.714896 seconds.
  path: Assets/Scripts/CharacterMoveController.cs
  artifactKey: Guid(ed33ffd6a569df246bfb636e52b5ffa5) Importer(815301076,1909f56bfc062723c751e8b465ee728b)
Start importing Assets/Scripts/CharacterMoveController.cs using Guid(ed33ffd6a569df246bfb636e52b5ffa5) Importer(815301076,1909f56bfc062723c751e8b465ee728b)  -> (artifact id: '4f8b10a3f624e8724daa72035d29dd2f') in 0.032089 seconds
  Import took 0.045260 seconds .

========================================================================
Received Import Request.
  Time since last request: 0.000636 seconds.
  path: Assets/Scripts/CameraMoveController.cs
  artifactKey: Guid(3a7b9205857565e4295ee96019c57b22) Importer(815301076,1909f56bfc062723c751e8b465ee728b)
Start importing Assets/Scripts/CameraMoveController.cs using Guid(3a7b9205857565e4295ee96019c57b22) Importer(815301076,1909f56bfc062723c751e8b465ee728b)  -> (artifact id: '53cfbe684e0cd6d0651a0261ebdb898a') in 0.015109 seconds
  Import took 0.023232 seconds .

========================================================================
Received Import Request.
  Time since last request: 6.076224 seconds.
  path: Assets/Scripts/CharacterSoundController.cs
  artifactKey: Guid(04004c627441e3f4fbe199580a5b5f3b) Importer(815301076,1909f56bfc062723c751e8b465ee728b)
Start importing Assets/Scripts/CharacterSoundController.cs using Guid(04004c627441e3f4fbe199580a5b5f3b) Importer(815301076,1909f56bfc062723c751e8b465ee728b)  -> (artifact id: 'e397cfb26583be595ea89fe1dda2ada8') in 0.016332 seconds
  Import took 0.025395 seconds .

========================================================================
Received Import Request.
  Time since last request: 3.598326 seconds.
  path: Assets/Scripts/ScoreController.cs
  artifactKey: Guid(f592bf387b1e2704db31e77a5ecfbb15) Importer(815301076,1909f56bfc062723c751e8b465ee728b)
Start importing Assets/Scripts/ScoreController.cs using Guid(f592bf387b1e2704db31e77a5ecfbb15) Importer(815301076,1909f56bfc062723c751e8b465ee728b)  -> (artifact id: '345821ea25a61637f97f92d85131b6e4') in 0.016358 seconds
  Import took 0.025423 seconds .

========================================================================
Received Import Request.
  Time since last request: 6.461085 seconds.
  path: Assets/Scripts/TerrainGeneratorController.cs
  artifactKey: Guid(85487683db304f5438e7eee6bd4bb7c4) Importer(815301076,1909f56bfc062723c751e8b465ee728b)
Start importing Assets/Scripts/TerrainGeneratorController.cs using Guid(85487683db304f5438e7eee6bd4bb7c4) Importer(815301076,1909f56bfc062723c751e8b465ee728b)  -> (artifact id: '7096bcefef3ba357ce096fadd04d4b98') in 0.011233 seconds
  Import took 0.016998 seconds .

========================================================================
Received Prepare
Registering precompiled user dll's ...
Registered in 0.001636 seconds.
Begin MonoManager ReloadAssembly
Native extension for WindowsStandalone target not found
Native extension for WebGL target not found
Refreshing native plugins compatible for Editor in 0.49 ms, found 1 plugins.
Preloading 0 native plugins for Editor in 0.00 ms.
Invoked RoslynAnalysisRunner static constructor.
RoslynAnalysisRunner will not be running.
RoslynAnalysisRunner has terminated.
Mono: successfully reloaded assembly
- Completed reload, in  1.228 seconds
Platform modules already initialized, skipping
Refreshing native plugins compatible for Editor in 0.35 ms, found 1 plugins.
Preloading 0 native plugins for Editor in 0.00 ms.
Unloading 1812 Unused Serialized files (Serialized files now loaded: 0)
System memory in use before: 85.3 MB.
System memory in use after: 85.3 MB.

Unloading 12 unused Assets to reduce memory usage. Loaded Objects now: 2313.
Total: 5.622900 ms (FindLiveObjects: 0.386900 ms CreateObjectMapping: 0.174900 ms MarkObjects: 4.772800 ms  DeleteObjects: 0.284200 ms)

========================================================================
Received Import Request.
  Time since last request: 26.949978 seconds.
  path: Assets/Scripts/TerrainGeneratorController.cs
  artifactKey: Guid(85487683db304f5438e7eee6bd4bb7c4) Importer(815301076,1909f56bfc062723c751e8b465ee728b)
Start importing Assets/Scripts/TerrainGeneratorController.cs using Guid(85487683db304f5438e7eee6bd4bb7c4) Importer(815301076,1909f56bfc062723c751e8b465ee728b)  -> (artifact id: '461c6d3314f8bd8e75301fc03342ca92') in 0.007822 seconds
  Import took 0.024919 seconds .

========================================================================
Received Prepare
Registering precompiled user dll's ...
Registered in 0.001187 seconds.
Begin MonoManager ReloadAssembly
Native extension for WindowsStandalone target not found
Native extension for WebGL target not found
Refreshing native plugins compatible for Editor in 1.37 ms, found 1 plugins.
Preloading 0 native plugins for Editor in 0.00 ms.
Invoked RoslynAnalysisRunner static constructor.
RoslynAnalysisRunner will not be running.
RoslynAnalysisRunner has terminated.
Mono: successfully reloaded assembly
- Completed reload, in  1.384 seconds
Platform modules already initialized, skipping
Refreshing native plugins compatible for Editor in 0.40 ms, found 1 plugins.
Preloading 0 native plugins for Editor in 0.00 ms.
Unloading 1812 Unused Serialized files (Serialized files now loaded: 0)
System memory in use before: 85.3 MB.
System memory in use after: 85.3 MB.

Unloading 12 unused Assets to reduce memory usage. Loaded Objects now: 2317.
Total: 3.291000 ms (FindLiveObjects: 0.343800 ms CreateObjectMapping: 0.247300 ms MarkObjects: 2.549900 ms  DeleteObjects: 0.148300 ms)

========================================================================
Received Import Request.
  Time since last request: 8.645901 seconds.
  path: Assets/Scripts/UIGameOverController.cs
  artifactKey: Guid(078bd3d8a46319e4ba746cf4e75b04c8) Importer(815301076,1909f56bfc062723c751e8b465ee728b)
Start importing Assets/Scripts/UIGameOverController.cs using Guid(078bd3d8a46319e4ba746cf4e75b04c8) Importer(815301076,1909f56bfc062723c751e8b465ee728b)  -> (artifact id: '94abf98548ef587d91e03fe755ccd8a0') in 0.011375 seconds
  Import took 0.016738 seconds .

========================================================================
Received Import Request.
  Time since last request: 0.000443 seconds.
  path: Assets/Scripts/TerrainTemplateController.cs
  artifactKey: Guid(7e0a2aae0e8a30a42b0c060ed84e9658) Importer(815301076,1909f56bfc062723c751e8b465ee728b)
Start importing Assets/Scripts/TerrainTemplateController.cs using Guid(7e0a2aae0e8a30a42b0c060ed84e9658) Importer(815301076,1909f56bfc062723c751e8b465ee728b)  -> (artifact id: '7db3ac2e24a1a17394698dc94f895b0b') in 0.008620 seconds
  Import took 0.016228 seconds .

========================================================================
Received Import Request.
  Time since last request: 1.434004 seconds.
  path: Assets/Scripts/UIScoreController.cs
  artifactKey: Guid(3bad6426562564d42ae3ec44ade72762) Importer(815301076,1909f56bfc062723c751e8b465ee728b)
Start importing Assets/Scripts/UIScoreController.cs using Guid(3bad6426562564d42ae3ec44ade72762) Importer(815301076,1909f56bfc062723c751e8b465ee728b)  -> (artifact id: '6f0188bc514e1e7eb691a5db1afa25e6') in 0.009491 seconds
  Import took 0.015624 seconds .

========================================================================
Received Prepare
Registering precompiled user dll's ...
Registered in 0.001106 seconds.
Begin MonoManager ReloadAssembly
Native extension for WindowsStandalone target not found
Native extension for WebGL target not found
Refreshing native plugins compatible for Editor in 0.41 ms, found 1 plugins.
Preloading 0 native plugins for Editor in 0.00 ms.
Invoked RoslynAnalysisRunner static constructor.
RoslynAnalysisRunner will not be running.
RoslynAnalysisRunner has terminated.
Mono: successfully reloaded assembly
- Completed reload, in  1.026 seconds
Platform modules already initialized, skipping
Refreshing native plugins compatible for Editor in 0.40 ms, found 1 plugins.
Preloading 0 native plugins for Editor in 0.00 ms.
Unloading 1812 Unused Serialized files (Serialized files now loaded: 0)
System memory in use before: 85.3 MB.
System memory in use after: 85.3 MB.

Unloading 12 unused Assets to reduce memory usage. Loaded Objects now: 2321.
Total: 2.829000 ms (FindLiveObjects: 0.416400 ms CreateObjectMapping: 0.167900 ms MarkObjects: 2.109600 ms  DeleteObjects: 0.132900 ms)

========================================================================
Received Import Request.
  Time since last request: 12.879991 seconds.
  path: Assets/Scripts/UIScoreController.cs
  artifactKey: Guid(3bad6426562564d42ae3ec44ade72762) Importer(815301076,1909f56bfc062723c751e8b465ee728b)
Start importing Assets/Scripts/UIScoreController.cs using Guid(3bad6426562564d42ae3ec44ade72762) Importer(815301076,1909f56bfc062723c751e8b465ee728b)  -> (artifact id: '94315641f0af386fabd6e377bbb86cf7') in 0.005193 seconds
  Import took 0.013963 seconds .

